[0;36m ID {num}
[0;31m03-35-07.14/06/2020 machine x86_64 GNU/Linux
[0;36m ID {num}
[0;31m03-35-19.14/06/2020 machine x86_64 GNU/Linux
[0;36m ID {num}
[0;31m21-42-47.14/06/2020 machine x86_64 GNU/Linux
[0;36m ID {num}
[0;31m21-46-00.14/06/2020 machine x86_64 GNU/Linux
[0;36m ID {num}
[0;31m21-49-15.14/06/2020 machine x86_64 GNU/Linux
[0;36m ID {num}
[0;31m21-50-45.14/06/2020 machine x86_64 GNU/Linux
[0;36m ID {num}
[0;31m22-27-29.14/06/2020 machine x86_64 GNU/Linux
[0;36m ID {num}
[0;31m22-29-41.14/06/2020 machine x86_64 GNU/Linux
[0;36m ID {num}
[0;31m22-30-46.14/06/2020 machine x86_64 GNU/Linux
[0;36m ID {num}
[0;31m22-32-20.14/06/2020 machine x86_64 GNU/Linux
[0;36m ID {num}
[0;31m22-33-05.14/06/2020 machine x86_64 GNU/Linux
[0;36m ID {num}
[0;31m22-33-09.14/06/2020 machine x86_64 GNU/Linux
[0;36m ID {num}
[0;31m22-33-29.14/06/2020 machine x86_64 GNU/Linux
[0;36m ID {num}
[0;31m22-33-58.14/06/2020 machine x86_64 GNU/Linux
[0;36m ID {num}
[0;31m22-36-10.14/06/2020 machine x86_64 GNU/Linux
[0;36m ID {num}
[0;31m22-36-32.14/06/2020 machine x86_64 GNU/Linux
[0;36m ID {num}
[0;31m22-37-16.14/06/2020 machine x86_64 GNU/Linux
[0;36m ID {num}
[0;31m22-48-40.14/06/2020 machine x86_64 GNU/Linux
[0;36m ID {num}
[0;31m22-49-57.14/06/2020 machine x86_64 GNU/Linux
[0;36m ID {num}
[0;31m23-00-00.14/06/2020 machine x86_64 GNU/Linux
[0;36m ID {num}
[0;31m00-44-51.15/06/2020 machine x86_64 GNU/Linux
[0;36m ID {num}
[0;31m00-44-55.15/06/2020 machine x86_64 GNU/Linux
[0;36m ID {num}
[0;31m16-37-04.15/06/2020 machine x86_64 GNU/Linux
[0;36m ID {num}
[0;31m19-15-49.15/06/2020 machine x86_64 GNU/Linux
[0;36m ID {num}
[0;31m01-49-19.17/06/2020 machine x86_64 GNU/Linux
[0;36m ID {num}
[0;31m19-19-51.19/06/2020 machine x86_64 GNU/Linux
[0;36m ID {num}
[0;31m01-00-33.20/06/2020 machine x86_64 GNU/Linux
[0;36m ID {num}
[0;31m21-33-33.20/06/2020 machine x86_64 GNU/Linux
[0;36m ID {num}
[0;31m19-18-11.21/06/2020 machine x86_64 GNU/Linux
[0;36m ID {num}
[0;31m19-57-30.21/06/2020 machine x86_64 GNU/Linux
[0;36m ID {num}
[0;31m21-06-03.22/06/2020 machine x86_64 GNU/Linux
[0;36m ID {num}
[0;31m21-11-43.22/06/2020 machine x86_64 GNU/Linux
[0;36m ID {num}
[0;31m21-12-36.22/06/2020 machine x86_64 GNU/Linux
[0;36m ID {num}
[0;31m21-21-10.22/06/2020 machine x86_64 GNU/Linux
\E[0;36m ID {num}
[0;31m17-06-38.22/06/2020 
[0;36m ID {$HOSTNAME}
[0;31m22-29-45.22/06/2020 machine x86_64 GNU/Linux
[0;36m ID {$HOSTNAME}
[0;31m22-34-16.22/06/2020 machine x86_64 GNU/Linux
[0;36m ID {$HOSTNAME}
[0;31m22-35-20.22/06/2020 machine x86_64 GNU/Linux
[0;36m ID {$HOSTNAME}
[0;31m22-36-28.22/06/2020 machine x86_64 GNU/Linux
[0;36m ID {$HOSTNAME}
[0;31m17-49-21.23/06/2020 machine x86_64 GNU/Linux
[0;36m ID {$HOSTNAME}
[0;31m02-22-52.24/06/2020 machine x86_64 GNU/Linux
[0;36m ID {$HOSTNAME}
[0;31m02-33-54.24/06/2020 machine x86_64 GNU/Linux
[0;36m ID {$HOSTNAME}
[0;31m02-35-07.24/06/2020 machine x86_64 GNU/Linux
[0;36m ID {$HOSTNAME}
[0;31m03-01-00.24/06/2020 machine x86_64 GNU/Linux
[0;36m ID {$HOSTNAME}
[0;31m03-05-09.24/06/2020 machine x86_64 GNU/Linux
[0;36m ID {$HOSTNAME}
[0;31m03-05-36.24/06/2020 machine x86_64 GNU/Linux
[0;36m ID {$HOSTNAME}
[0;31m03-05-46.24/06/2020 machine x86_64 GNU/Linux
[0;36m ID {$HOSTNAME}
[0;31m03-05-56.24/06/2020 machine x86_64 GNU/Linux
[0;36m ID {$HOSTNAME}
[0;31m03-06-45.24/06/2020 machine x86_64 GNU/Linux
[0;36m ID {$HOSTNAME}
[0;31m03-06-56.24/06/2020 machine x86_64 GNU/Linux
[0;36m ID {$HOSTNAME}
[0;31m03-07-30.24/06/2020 machine x86_64 GNU/Linux
[0;36m ID {$HOSTNAME}
[0;31m03-08-52.24/06/2020 machine x86_64 GNU/Linux
